                                 Started job on |	Nov 22 15:44:16
                             Started mapping on |	Nov 22 15:56:33
                                    Finished on |	Nov 22 16:14:54
       Mapping speed, Million of reads per hour |	818.35

                          Number of input reads |	250278613
                      Average input read length |	91
                                    UNIQUE READS:
                   Uniquely mapped reads number |	132923883
                        Uniquely mapped reads % |	53.11%
                          Average mapped length |	90.42
                       Number of splices: Total |	47366867
            Number of splices: Annotated (sjdb) |	47138051
                       Number of splices: GT/AG |	46964882
                       Number of splices: GC/AG |	310722
                       Number of splices: AT/AC |	33958
               Number of splices: Non-canonical |	57305
                      Mismatch rate per base, % |	0.88%
                         Deletion rate per base |	0.01%
                        Deletion average length |	1.98
                        Insertion rate per base |	0.01%
                       Insertion average length |	1.44
                             MULTI-MAPPING READS:
        Number of reads mapped to multiple loci |	69315651
             % of reads mapped to multiple loci |	27.70%
        Number of reads mapped to too many loci |	2879301
             % of reads mapped to too many loci |	1.15%
                                  UNMAPPED READS:
  Number of reads unmapped: too many mismatches |	0
       % of reads unmapped: too many mismatches |	0.00%
            Number of reads unmapped: too short |	23701502
                 % of reads unmapped: too short |	9.47%
                Number of reads unmapped: other |	21458276
                     % of reads unmapped: other |	8.57%
                                  CHIMERIC READS:
                       Number of chimeric reads |	0
                            % of chimeric reads |	0.00%
