           Time    Speed        Read     Read   Mapped   Mapped   Mapped   Mapped Unmapped Unmapped Unmapped Unmapped
                    M/hr      number   length   unique   length   MMrate    multi   multi+       MM    short    other
Nov 22 15:45:31	Started 1st pass mapping
Nov 22 15:45:39     50.7      112612       91    71.9%     90.1     1.0%    21.4%     0.2%     0.0%     6.4%     0.2%
Nov 22 15:46:39   1481.7    27987602       91    72.0%     90.1     1.0%    21.4%     0.2%     0.0%     6.2%     0.2%
Nov 22 15:47:39   1592.0    56604512       91    72.0%     90.1     1.0%    21.4%     0.2%     0.0%     6.2%     0.2%
Nov 22 15:48:39   1619.1    84550951       91    72.1%     90.1     1.0%    21.4%     0.2%     0.0%     6.1%     0.2%
Nov 22 15:49:39   1637.2   112784398       91    72.1%     90.1     1.0%    21.5%     0.2%     0.0%     6.1%     0.2%
Nov 22 15:50:39   1645.0   140737543       91    72.0%     90.1     1.0%    21.5%     0.2%     0.0%     6.1%     0.2%
Nov 22 15:51:39   1650.2   168691081       91    72.0%     90.1     1.0%    21.5%     0.2%     0.0%     6.1%     0.2%
Nov 22 15:52:39   1697.2   201780127       91    65.2%     90.1     1.0%    28.8%     0.2%     0.0%     5.7%     0.2%
Nov 22 15:53:39   1764.1   239132344       91    56.3%     90.1     1.0%    38.1%     0.2%     0.0%     5.2%     0.2%
Nov 22 15:53:59	Finished 1st pass mapping
Nov 22 15:57:33    834.2    13902831       91    70.0%     90.5     0.9%    18.6%     0.6%     0.0%     8.1%     2.6%
Nov 22 15:58:33    943.6    31452892       91    70.0%     90.5     0.9%    18.6%     0.7%     0.0%     8.1%     2.6%
Nov 22 15:59:33    991.2    49562024       91    70.0%     90.5     0.9%    18.6%     0.7%     0.0%     8.1%     2.6%
Nov 22 16:00:33   1016.7    67783153       91    70.0%     90.5     0.9%    18.6%     0.7%     0.0%     8.1%     2.6%
Nov 22 16:01:33   1021.3    85109958       91    70.0%     90.5     0.9%    18.6%     0.7%     0.0%     8.1%     2.6%
Nov 22 16:02:33   1028.7   102872615       91    70.0%     90.5     0.9%    18.6%     0.7%     0.0%     8.1%     2.6%
Nov 22 16:03:33   1030.7   120245927       91    70.0%     90.5     0.9%    18.6%     0.7%     0.0%     8.1%     2.6%
Nov 22 16:04:33   1034.7   137953373       91    70.0%     90.5     0.9%    18.6%     0.7%     0.0%     8.1%     2.6%
Nov 22 16:05:33   1033.3   154992752       91    70.0%     90.5     0.9%    18.6%     0.7%     0.0%     8.0%     2.6%
Nov 22 16:06:33   1034.2   172366226       91    70.0%     90.5     0.9%    18.6%     0.7%     0.0%     8.0%     2.6%
Nov 22 16:07:33   1042.2   191076090       91    66.4%     90.5     0.9%    20.3%     0.7%     0.0%     8.5%     4.1%
Nov 22 16:08:33   1055.7   211148858       91    61.0%     90.4     0.9%    23.2%     0.9%     0.0%     8.9%     6.0%
Nov 22 16:09:34   1063.3   230668284       91    56.6%     90.4     0.9%    25.7%     1.0%     0.0%     9.1%     7.5%
Nov 22 16:10:34   1053.2   246037228       91    53.6%     90.4     0.9%    27.4%     1.1%     0.0%     9.4%     8.4%
Nov 22 16:14:54    818.3   250278613       91    53.1%     90.4     0.9%    27.7%     1.2%     0.0%     9.5%     8.6%
ALL DONE!
