STAR version=2.7.11a
STAR compilation time,server,dir=2023-09-15T02:58:53+0000 :/opt/conda/conda-bld/star_1694746407721/work/source
##### Command Line:
/public3/home/scg9946/miniconda3/envs/py39/bin/STAR-avx2 --chimOutJunctionFormat 1 --runThreadN 32 --genomeDir /public3/home/scg9946/referG/HMP_bac_STAR_index --readFilesIn /public3/home/scg9946/crcsinglecell_R2_extracted.fastq.gz --outSAMattributes NH HI AS nM NM XS --outFileNamePrefix germ_output/crcsinglecell_R2_extracted/crcsinglecell_R2_extracted_ --outSAMtype BAM SortedByCoordinate --twopassMode Basic --outFilterMatchNmin 35 --outFilterScoreMinOverLread 0.6 --outFilterMatchNminOverLread 0.6 --readFilesCommand zcat
##### Initial USER parameters from Command Line:
outFileNamePrefix                 germ_output/crcsinglecell_R2_extracted/crcsinglecell_R2_extracted_
###### All USER parameters from Command Line:
chimOutJunctionFormat         1        ~RE-DEFINED
runThreadN                    32     ~RE-DEFINED
genomeDir                     /public3/home/scg9946/referG/HMP_bac_STAR_index     ~RE-DEFINED
readFilesIn                   /public3/home/scg9946/crcsinglecell_R2_extracted.fastq.gz        ~RE-DEFINED
outSAMattributes              NH   HI   AS   nM   NM   XS        ~RE-DEFINED
outFileNamePrefix             germ_output/crcsinglecell_R2_extracted/crcsinglecell_R2_extracted_     ~RE-DEFINED
outSAMtype                    BAM   SortedByCoordinate        ~RE-DEFINED
twopassMode                   Basic     ~RE-DEFINED
outFilterMatchNmin            35     ~RE-DEFINED
outFilterScoreMinOverLread    0.6     ~RE-DEFINED
outFilterMatchNminOverLread   0.6     ~RE-DEFINED
readFilesCommand              zcat        ~RE-DEFINED
##### Finished reading parameters from all sources

##### Final user re-defined parameters-----------------:
runThreadN                        32
genomeDir                         /public3/home/scg9946/referG/HMP_bac_STAR_index
readFilesIn                       /public3/home/scg9946/crcsinglecell_R2_extracted.fastq.gz   
readFilesCommand                  zcat   
outFileNamePrefix                 germ_output/crcsinglecell_R2_extracted/crcsinglecell_R2_extracted_
outSAMtype                        BAM   SortedByCoordinate   
outSAMattributes                  NH   HI   AS   nM   NM   XS   
outFilterScoreMinOverLread        0.6
outFilterMatchNmin                35
outFilterMatchNminOverLread       0.6
chimOutJunctionFormat             1   
twopassMode                       Basic

-------------------------------
##### Final effective command line:
/public3/home/scg9946/miniconda3/envs/py39/bin/STAR-avx2   --runThreadN 32   --genomeDir /public3/home/scg9946/referG/HMP_bac_STAR_index   --readFilesIn /public3/home/scg9946/crcsinglecell_R2_extracted.fastq.gz      --readFilesCommand zcat      --outFileNamePrefix germ_output/crcsinglecell_R2_extracted/crcsinglecell_R2_extracted_   --outSAMtype BAM   SortedByCoordinate      --outSAMattributes NH   HI   AS   nM   NM   XS      --outFilterScoreMinOverLread 0.6   --outFilterMatchNmin 35   --outFilterMatchNminOverLread 0.6   --chimOutJunctionFormat 1      --twopassMode Basic
----------------------------------------

Number of fastq files for each mate = 1

   Input read files for mate 1 :
-rw-r--r-- 1 scg9946 scg0045 11642721299 Nov 21 16:04 /public3/home/scg9946/crcsinglecell_R2_extracted.fastq.gz

   readsCommandsFile:
exec > "germ_output/crcsinglecell_R2_extracted/crcsinglecell_R2_extracted__STARtmp/tmp.fifo.read1"
echo FILE 0
zcat      "/public3/home/scg9946/crcsinglecell_R2_extracted.fastq.gz"

WARNING --outSAMattributes contains XS, therefore STAR will use --outSAMstrandField intronMotif
ParametersSolo: --soloCellFilterType CellRanger2.2 filtering parameters:  3000 0.99 10
WARNING: --limitBAMsortRAM=0, will use genome size as RAM limit for BAM sorting
Finished loading and checking parameters
Reading genome generation parameters:
### STAR   --runMode genomeGenerate   --runThreadN 20   --genomeDir /home/project/HBV/inhouse_sequencing_analysis/viral_track_result/HMP_bac_STAR_index   --genomeFastaFiles /home/data/human_gut/HMP/seq_and_anno_for_viral_track/all_contig_seq.fa      --limitGenomeGenerateRAM 200000000000
versionGenome                 20201     ~RE-DEFINED
genomeFastaFiles              /home/data/human_gut/HMP/seq_and_anno_for_viral_track/all_contig_seq.fa        ~RE-DEFINED
genomeSAindexNbases           14     ~RE-DEFINED
genomeChrBinNbits             18     ~RE-DEFINED
genomeSAsparseD               1     ~RE-DEFINED
sjdbOverhang                  0     ~RE-DEFINED
sjdbFileChrStartEnd           -        ~RE-DEFINED
sjdbGTFfile                   -     ~RE-DEFINED
sjdbGTFchrPrefix              -     ~RE-DEFINED
sjdbGTFfeatureExon            exon     ~RE-DEFINED
sjdbGTFtagExonParentTranscripttranscript_id     ~RE-DEFINED
sjdbGTFtagExonParentGene      gene_id     ~RE-DEFINED
sjdbInsertSave                Basic     ~RE-DEFINED
genomeFileSizes               13419413504   13490083472        ~RE-DEFINED

EXITING because of FATAL ERROR: Genome version: 20201 is INCOMPATIBLE with running STAR version: 2.7.11a
SOLUTION: please re-generate genome from scratch with running version of STAR, or with version: 2.7.4a

Nov 21 23:24:57 ...... FATAL ERROR, exiting
